<?xml version="1.0" encoding="UTF-8"?>
<!-- Generated by org.testng.reporters.JUnitReportReporter -->
<testsuite hostname="DESKTOP-MQLPV38" failures="0" tests="2" name="testCases.MyInfo_02" time="5.873" errors="0" timestamp="2025-10-20T16:43:37 IST" skipped="0">
  <testcase classname="testCases.MyInfo_02" name="Myinfo" time="1.662"/>
  <testcase classname="testCases.MyInfo_02" name="myinfo2" time="4.211"/>
</testsuite> <!-- testCases.MyInfo_02 -->
