<?xml version="1.0" encoding="UTF-8"?>
<!-- Generated by org.testng.reporters.JUnitReportReporter -->
<testsuite hostname="DESKTOP-MQLPV38" failures="0" tests="2" name="testCases.Job_MyInfo_04" time="5.392" errors="0" timestamp="2025-10-20T13:18:32 IST" skipped="0">
  <testcase classname="testCases.Job_MyInfo_04" name="Job_Login" time="1.624"/>
  <testcase classname="testCases.Job_MyInfo_04" name="Job_MyInfo" time="3.768"/>
</testsuite> <!-- testCases.Job_MyInfo_04 -->
