<?xml version="1.0" encoding="UTF-8"?>
<!-- Generated by org.testng.reporters.JUnitReportReporter -->
<testsuite hostname="DESKTOP-MQLPV38" failures="0" tests="1" name="testCases.Immigration_MyInfo_03" time="2.202" errors="0" timestamp="2025-10-02T13:20:08 IST" skipped="0">
  <testcase classname="testCases.Immigration_MyInfo_03" name="Myinfo" time="2.202"/>
</testsuite> <!-- testCases.Immigration_MyInfo_03 -->
