<?xml version="1.0" encoding="UTF-8"?>
<!-- Generated by org.testng.reporters.JUnitReportReporter -->
<testsuite hostname="DESKTOP-MQLPV38" failures="0" tests="1" name="pageObjects.DatabaseTest" time="0.389" errors="0" timestamp="2025-08-04T21:02:17 IST" skipped="0">
  <testcase classname="pageObjects.DatabaseTest" name="fetchDataFromDatabase" time="0.389"/>
</testsuite> <!-- pageObjects.DatabaseTest -->
