<?xml version="1.0" encoding="UTF-8"?>
<!-- Generated by org.testng.reporters.JUnitReportReporter -->
<testsuite hostname="DESKTOP-MQLPV38" failures="0" tests="1" name="testCases.LoginPage_01" time="0.774" errors="0" timestamp="2025-10-20T16:43:37 IST" skipped="0">
  <testcase classname="testCases.LoginPage_01" name="login_page" time="0.774"/>
</testsuite> <!-- testCases.LoginPage_01 -->
