<?xml version="1.0" encoding="UTF-8"?>
<!-- Generated by org.testng.reporters.JUnitReportReporter -->
<testsuite hostname="DESKTOP-MQLPV38" failures="0" tests="1" name="testCases.LoginPage_01" time="0.662" errors="0" timestamp="2025-09-15T21:33:07 IST" skipped="0">
  <testcase classname="testCases.LoginPage_01" name="login_page" time="0.662"/>
</testsuite> <!-- testCases.LoginPage_01 -->
