<?xml version="1.0" encoding="UTF-8"?>
<!-- Generated by org.testng.reporters.JUnitReportReporter -->
<testsuite hostname="DESKTOP-MQLPV38" failures="0" tests="2" name="testCases.PersonalDetails_MyInfo_05" time="5.910" errors="0" timestamp="2025-10-13T21:56:41 IST" skipped="0">
  <testcase classname="testCases.PersonalDetails_MyInfo_05" name="myinfo2" time="4.297"/>
  <testcase classname="testCases.PersonalDetails_MyInfo_05" name="Myinfo" time="1.613"/>
</testsuite> <!-- testCases.PersonalDetails_MyInfo_05 -->
