<?xml version="1.0" encoding="UTF-8"?>
<!-- Generated by org.testng.reporters.JUnitReportReporter -->
<testsuite hostname="DESKTOP-MQLPV38" failures="0" tests="1" name="testCases.LoginPage_01" time="1.724" errors="0" timestamp="2025-10-20T13:39:02 IST" skipped="0">
  <testcase classname="testCases.LoginPage_01" name="login_page" time="1.724"/>
</testsuite> <!-- testCases.LoginPage_01 -->
