<?xml version="1.0" encoding="UTF-8"?>
<!-- Generated by org.testng.reporters.JUnitReportReporter -->
<testsuite hostname="DESKTOP-MQLPV38" failures="0" tests="2" name="testCases.Job_MyInfo_04" time="6.719" errors="0" timestamp="2025-10-05T14:47:19 IST" skipped="0">
  <testcase classname="testCases.Job_MyInfo_04" name="Myinfo" time="0.795"/>
  <testcase classname="testCases.Job_MyInfo_04" name="myinfo2" time="5.924"/>
</testsuite> <!-- testCases.Job_MyInfo_04 -->
