<?xml version="1.0" encoding="UTF-8"?>
<!-- Generated by org.testng.reporters.JUnitReportReporter -->
<testsuite hostname="DESKTOP-MQLPV38" failures="0" tests="2" name="testCases.MyInfo_02" time="10.069" errors="0" timestamp="2025-10-02T10:49:07 IST" skipped="0">
  <testcase classname="testCases.MyInfo_02" name="Myinfo" time="2.747"/>
  <testcase classname="testCases.MyInfo_02" name="myinfo2" time="7.322"/>
</testsuite> <!-- testCases.MyInfo_02 -->
