<?xml version="1.0" encoding="UTF-8"?>
<!-- Generated by org.testng.reporters.JUnitReportReporter -->
<testsuite hostname="DESKTOP-MQLPV38" failures="0" tests="2" name="testCases.Job_MyInfo_04" time="5.453" errors="0" timestamp="2025-10-13T21:03:35 IST" skipped="0">
  <testcase classname="testCases.Job_MyInfo_04" name="myinfo2" time="3.604"/>
  <testcase classname="testCases.Job_MyInfo_04" name="Myinfo" time="1.849"/>
</testsuite> <!-- testCases.Job_MyInfo_04 -->
