<?xml version="1.0" encoding="UTF-8"?>
<!-- Generated by org.testng.reporters.JUnitReportReporter -->
<testsuite hostname="DESKTOP-MQLPV38" failures="0" tests="2" name="testCases.Job_MyInfo_04" time="6.010" errors="0" timestamp="2025-10-21T20:35:25 IST" skipped="0">
  <testcase classname="testCases.Job_MyInfo_04" name="Job_MyInfo" time="5.150"/>
  <testcase classname="testCases.Job_MyInfo_04" name="Job_Login" time="0.860"/>
</testsuite> <!-- testCases.Job_MyInfo_04 -->
