<?xml version="1.0" encoding="UTF-8"?>
<!-- Generated by org.testng.reporters.JUnitReportReporter -->
<testsuite hostname="DESKTOP-MQLPV38" failures="0" tests="2" name="testCases.MyInfo_02" time="6.081" errors="0" timestamp="2025-10-20T19:46:26 IST" skipped="0">
  <testcase classname="testCases.MyInfo_02" name="myinfo2" time="5.430"/>
  <testcase classname="testCases.MyInfo_02" name="Myinfo" time="0.651"/>
</testsuite> <!-- testCases.MyInfo_02 -->
