<?xml version="1.0" encoding="UTF-8"?>
<!-- Generated by org.testng.reporters.JUnitReportReporter -->
<testsuite hostname="DESKTOP-MQLPV38" failures="0" tests="2" name="testCases.Job_MyInfo_04" time="5.508" errors="0" timestamp="2025-10-20T19:46:26 IST" skipped="0">
  <testcase classname="testCases.Job_MyInfo_04" name="Job_MyInfo" time="4.940"/>
  <testcase classname="testCases.Job_MyInfo_04" name="Job_Login" time="0.568"/>
</testsuite> <!-- testCases.Job_MyInfo_04 -->
